
==========================================================
🚀 MCF7 消融实验 + 对比实验启动
   cuda:2 队列: wo_CL → wo_Ortho → wo_CL_Ortho → Baseline_Ult
   cuda:3 队列: SumMean → TargetOnly → Baseline_DL
   CPU   队列: Baseline_RF + Baseline_XGB（后台并行）
   Full(Ours) 结果已存于 logs_5folds/MCF7_Fold*.log
==========================================================

================================================================
▶  [GPU cuda:2]  wo_CL  (pool=hybrid  extra: --disable_cl)
================================================================
   Fold 0 → logs_ablation_mcf7/wo_CL_Fold0.log
================================================================
▶  [GPU cuda:0]  SumMean  (pool=sum_mean  extra: )
================================================================
   Fold 0 → logs_ablation_mcf7/SumMean_Fold0.log
================================================================
🔥 所有任务已派发至后台
▶  [CPU]  Baseline_RF（Morgan FP 1024-bit + 6-mer 4096-dim）
   cuda:2  PID: 89497
================================================================
================================================================
   cuda:3  PID: 89498
▶  [CPU]  Baseline_XGB（Morgan FP 1024-bit + 6-mer 4096-dim）
================================================================
   RF CPU  PID: 89500
   Fold 0 → logs_ablation_mcf7/Baseline_RF_Fold0.log
   Fold 0 → logs_ablation_mcf7/Baseline_XGB_Fold0.log
   XGB CPU PID: 89501

实时查看进度示例：
  tail -f logs_ablation_mcf7/wo_CL_Fold0.log
  tail -f logs_ablation_mcf7/SumMean_Fold0.log
  tail -f logs_ablation_mcf7/Baseline_DL_Fold0.log
  tail -f logs_ablation_mcf7/Baseline_RF_Fold0.log
==========================================================
   ✅ Baseline_XGB Fold 0 完成
   Fold 1 → logs_ablation_mcf7/Baseline_XGB_Fold1.log
   ✅ Baseline_RF Fold 0 完成
   Fold 1 → logs_ablation_mcf7/Baseline_RF_Fold1.log
   ✅ Baseline_XGB Fold 1 完成
   Fold 2 → logs_ablation_mcf7/Baseline_XGB_Fold2.log
   ✅ Baseline_RF Fold 1 完成
   Fold 2 → logs_ablation_mcf7/Baseline_RF_Fold2.log
   ✅ Baseline_XGB Fold 2 完成
   Fold 3 → logs_ablation_mcf7/Baseline_XGB_Fold3.log
   ✅ Baseline_RF Fold 2 完成
   Fold 3 → logs_ablation_mcf7/Baseline_RF_Fold3.log
   ✅ Baseline_XGB Fold 3 完成
   Fold 4 → logs_ablation_mcf7/Baseline_XGB_Fold4.log
   ✅ Baseline_XGB Fold 4 完成
🎉 Baseline_XGB 全部 5 Fold 完成

   ✅ Baseline_RF Fold 3 完成
   Fold 4 → logs_ablation_mcf7/Baseline_RF_Fold4.log
   ✅ Baseline_RF Fold 4 完成
🎉 Baseline_RF 全部 5 Fold 完成

   ✅ SumMean Fold 0 完成
   Fold 1 → logs_ablation_mcf7/SumMean_Fold1.log
   ✅ wo_CL Fold 0 完成
   Fold 1 → logs_ablation_mcf7/wo_CL_Fold1.log
   ✅ SumMean Fold 1 完成
   Fold 2 → logs_ablation_mcf7/SumMean_Fold2.log
   ✅ wo_CL Fold 1 完成
   Fold 2 → logs_ablation_mcf7/wo_CL_Fold2.log
   ✅ SumMean Fold 2 完成
   Fold 3 → logs_ablation_mcf7/SumMean_Fold3.log
   ✅ wo_CL Fold 2 完成
   Fold 3 → logs_ablation_mcf7/wo_CL_Fold3.log
   ✅ SumMean Fold 3 完成
   Fold 4 → logs_ablation_mcf7/SumMean_Fold4.log
   ✅ wo_CL Fold 3 完成
   Fold 4 → logs_ablation_mcf7/wo_CL_Fold4.log
   ✅ SumMean Fold 4 完成
🎉 SumMean 全部 5 Fold 完成

================================================================
▶  [GPU cuda:0]  TargetOnly  (pool=target  extra: )
================================================================
   Fold 0 → logs_ablation_mcf7/TargetOnly_Fold0.log
   ✅ wo_CL Fold 4 完成
🎉 wo_CL 全部 5 Fold 完成

================================================================
▶  [GPU cuda:2]  wo_Ortho  (pool=hybrid  extra: --disable_ortho)
================================================================
   Fold 0 → logs_ablation_mcf7/wo_Ortho_Fold0.log
   ✅ TargetOnly Fold 0 完成
   Fold 1 → logs_ablation_mcf7/TargetOnly_Fold1.log
   ✅ wo_Ortho Fold 0 完成
   Fold 1 → logs_ablation_mcf7/wo_Ortho_Fold1.log
   ✅ TargetOnly Fold 1 完成
   Fold 2 → logs_ablation_mcf7/TargetOnly_Fold2.log
   ✅ wo_Ortho Fold 1 完成
   Fold 2 → logs_ablation_mcf7/wo_Ortho_Fold2.log
   ✅ TargetOnly Fold 2 完成
   Fold 3 → logs_ablation_mcf7/TargetOnly_Fold3.log
   ✅ wo_Ortho Fold 2 完成
   Fold 3 → logs_ablation_mcf7/wo_Ortho_Fold3.log
   ✅ TargetOnly Fold 3 完成
   Fold 4 → logs_ablation_mcf7/TargetOnly_Fold4.log
   ✅ wo_Ortho Fold 3 完成
   Fold 4 → logs_ablation_mcf7/wo_Ortho_Fold4.log
   ✅ wo_Ortho Fold 4 完成
🎉 wo_Ortho 全部 5 Fold 完成

================================================================
▶  [GPU cuda:2]  wo_CL_Ortho  (pool=hybrid  extra: --disable_cl --disable_ortho)
================================================================
   Fold 0 → logs_ablation_mcf7/wo_CL_Ortho_Fold0.log
   ✅ TargetOnly Fold 4 完成
🎉 TargetOnly 全部 5 Fold 完成

================================================================
▶  [GPU cuda:0]  Baseline_DL（晚期融合 GraphDTA 变体）
================================================================
   Fold 0 → logs_ablation_mcf7/Baseline_DL_Fold0.log
   ✅ wo_CL_Ortho Fold 0 完成
   Fold 1 → logs_ablation_mcf7/wo_CL_Ortho_Fold1.log
   ✅ Baseline_DL Fold 0 完成
   Fold 1 → logs_ablation_mcf7/Baseline_DL_Fold1.log
   ✅ wo_CL_Ortho Fold 1 完成
   Fold 2 → logs_ablation_mcf7/wo_CL_Ortho_Fold2.log
   ✅ Baseline_DL Fold 1 完成
   Fold 2 → logs_ablation_mcf7/Baseline_DL_Fold2.log
   ✅ wo_CL_Ortho Fold 2 完成
   Fold 3 → logs_ablation_mcf7/wo_CL_Ortho_Fold3.log
   ✅ Baseline_DL Fold 2 完成
   Fold 3 → logs_ablation_mcf7/Baseline_DL_Fold3.log
   ✅ wo_CL_Ortho Fold 3 完成
   Fold 4 → logs_ablation_mcf7/wo_CL_Ortho_Fold4.log
   ✅ Baseline_DL Fold 3 完成
   Fold 4 → logs_ablation_mcf7/Baseline_DL_Fold4.log
   ✅ wo_CL_Ortho Fold 4 完成
🎉 wo_CL_Ortho 全部 5 Fold 完成

================================================================
▶  [GPU cuda:2]  Baseline_Ult  (pool=sum_mean  extra: --disable_cl --disable_ortho)
================================================================
   Fold 0 → logs_ablation_mcf7/Baseline_Ult_Fold0.log
   ✅ Baseline_DL Fold 4 完成
🎉 Baseline_DL 全部 5 Fold 完成

🏁 [cuda:0] 队列全部完成
   ✅ Baseline_Ult Fold 0 完成
   Fold 1 → logs_ablation_mcf7/Baseline_Ult_Fold1.log
   ✅ Baseline_Ult Fold 1 完成
   Fold 2 → logs_ablation_mcf7/Baseline_Ult_Fold2.log
   ✅ Baseline_Ult Fold 2 完成
   Fold 3 → logs_ablation_mcf7/Baseline_Ult_Fold3.log
   ✅ Baseline_Ult Fold 3 完成
   Fold 4 → logs_ablation_mcf7/Baseline_Ult_Fold4.log
   ✅ Baseline_Ult Fold 4 完成
🎉 Baseline_Ult 全部 5 Fold 完成

🏁 [cuda:2] 队列全部完成

==========================================================
📊 结果汇总
==========================================================

配置               |       AUC mean±std |       PRC mean±std |        F1 mean±std
------------------------------------------------------------------------------
Full (Ours)      | 0.8912 ± 0.0035    | 0.8866 ± 0.0032    | 0.8117 ± 0.0035
wo_CL            | 0.8907 ± 0.0025    | 0.8861 ± 0.0028    | 0.8123 ± 0.0041
wo_Ortho         | 0.8877 ± 0.0022    | 0.8832 ± 0.0025    | 0.8099 ± 0.0036
wo_CL_Ortho      | 0.8876 ± 0.0022    | 0.8830 ± 0.0029    | 0.8100 ± 0.0048
SumMean          | 0.8923 ± 0.0026    | 0.8881 ± 0.0031    | 0.8112 ± 0.0050
TargetOnly       | 0.8856 ± 0.0035    | 0.8815 ± 0.0043    | 0.8082 ± 0.0045
Baseline_Ult     | 0.8840 ± 0.0027    | 0.8794 ± 0.0029    | 0.8045 ± 0.0029
Baseline_DL      | 0.8822 ± 0.0032    | 0.8774 ± 0.0034    | 0.8049 ± 0.0034
Baseline_RF      | 0.8595 ± 0.0016    | 0.8509 ± 0.0024    | 0.7908 ± 0.0029
Baseline_XGB     | 0.8830 ± 0.0000    | 0.8724 ± 0.0000    | 0.8054 ± 0.0000

==========================================================
🏆 全部实验完成！详细日志: logs_ablation_mcf7/
==========================================================
