[TRAIN] ⚡ K-mer 缓存: kmer_cache_fold0_train.pt
[VAL] ⚡ K-mer 缓存: kmer_cache_fold0_val.pt
  [CL] SpectrumDirectionCL 已启用，lam_cl=0.1

========================================================================
  OperatorMoE | ablation=no_moe
  operator_rank=8 | num_experts=4
  gene_max_len=1000 | warmup=5ep
  params=918,218 | device=cuda:2 | fold=0
========================================================================

/home/data/jiangyun/cgi_data_pipeline5/New/train_operator_moe.py:113: UserWarning: index_reduce() is in beta and the API may change at any time. (Triggered internally at ../aten/src/ATen/native/cuda/Indexing.cu:1190.)
  ).index_reduce_(0, batch_idx, scores, 'amax', include_self=True)
Ep 01 [lr=2.00e-05] | L:0.797 (BCE:0.696 REG:0.0880 LB:0.0000 CL:0.1296) | VAL_AUC:0.6660 PRC:0.6489 F1:0.5457
Ep 02 [lr=6.50e-05] | L:0.732 (BCE:0.674 REG:0.0458 LB:0.0000 CL:0.1242) | VAL_AUC:0.7415 PRC:0.7244 F1:0.6463
Ep 03 [lr=1.10e-04] | L:0.673 (BCE:0.660 REG:0.0021 LB:0.0000 CL:0.1137) | VAL_AUC:0.7518 PRC:0.7365 F1:0.6320
Ep 04 [lr=1.55e-04] | L:0.666 (BCE:0.655 REG:0.0007 LB:0.0000 CL:0.1103) | VAL_AUC:0.7582 PRC:0.7420 F1:0.6416
Ep 05 [lr=2.00e-04] | L:0.662 (BCE:0.650 REG:0.0008 LB:0.0000 CL:0.1093) | VAL_AUC:0.7834 PRC:0.7640 F1:0.7245
Ep 06 [lr=2.00e-04] | L:0.651 (BCE:0.640 REG:0.0011 LB:0.0000 CL:0.1053) | VAL_AUC:0.8176 PRC:0.7946 F1:0.7450
Ep 07 [lr=2.00e-04] | L:0.643 (BCE:0.632 REG:0.0011 LB:0.0000 CL:0.0988) | VAL_AUC:0.8276 PRC:0.8066 F1:0.7491
Ep 08 [lr=2.00e-04] | L:0.639 (BCE:0.628 REG:0.0011 LB:0.0000 CL:0.0968) | VAL_AUC:0.8389 PRC:0.8233 F1:0.7523
Ep 09 [lr=2.00e-04] | L:0.635 (BCE:0.625 REG:0.0011 LB:0.0000 CL:0.0945) | VAL_AUC:0.8416 PRC:0.8259 F1:0.7659
Ep 10 [lr=2.00e-04] | L:0.633 (BCE:0.623 REG:0.0011 LB:0.0000 CL:0.0925) | VAL_AUC:0.8391 PRC:0.8179 F1:0.7691
Ep 11 [lr=2.00e-04] | L:0.631 (BCE:0.621 REG:0.0010 LB:0.0000 CL:0.0910) | VAL_AUC:0.8479 PRC:0.8340 F1:0.7648
Ep 12 [lr=2.00e-04] | L:0.630 (BCE:0.620 REG:0.0009 LB:0.0000 CL:0.0901) | VAL_AUC:0.8472 PRC:0.8325 F1:0.7706
Ep 13 [lr=2.00e-04] | L:0.629 (BCE:0.619 REG:0.0009 LB:0.0000 CL:0.0894) | VAL_AUC:0.8534 PRC:0.8390 F1:0.7787
Ep 14 [lr=2.00e-04] | L:0.628 (BCE:0.618 REG:0.0009 LB:0.0000 CL:0.0887) | VAL_AUC:0.8537 PRC:0.8394 F1:0.7827
Ep 15 [lr=2.00e-04] | L:0.627 (BCE:0.617 REG:0.0009 LB:0.0000 CL:0.0880) | VAL_AUC:0.8560 PRC:0.8406 F1:0.7808
Ep 16 [lr=2.00e-04] | L:0.626 (BCE:0.616 REG:0.0009 LB:0.0000 CL:0.0871) | VAL_AUC:0.8563 PRC:0.8410 F1:0.7869
Ep 17 [lr=2.00e-04] | L:0.625 (BCE:0.615 REG:0.0009 LB:0.0000 CL:0.0866) | VAL_AUC:0.8584 PRC:0.8425 F1:0.7885
Ep 18 [lr=2.00e-04] | L:0.623 (BCE:0.614 REG:0.0009 LB:0.0000 CL:0.0855) | VAL_AUC:0.8611 PRC:0.8472 F1:0.7839
Ep 19 [lr=2.00e-04] | L:0.622 (BCE:0.613 REG:0.0009 LB:0.0000 CL:0.0847) | VAL_AUC:0.8618 PRC:0.8470 F1:0.7843
Ep 20 [lr=2.00e-04] | L:0.621 (BCE:0.612 REG:0.0009 LB:0.0000 CL:0.0842) | VAL_AUC:0.8617 PRC:0.8484 F1:0.7795
Ep 21 [lr=2.00e-04] | L:0.620 (BCE:0.611 REG:0.0009 LB:0.0000 CL:0.0838) | VAL_AUC:0.8645 PRC:0.8506 F1:0.7869
Ep 22 [lr=2.00e-04] | L:0.620 (BCE:0.610 REG:0.0009 LB:0.0000 CL:0.0831) | VAL_AUC:0.8641 PRC:0.8505 F1:0.7880
Ep 23 [lr=2.00e-04] | L:0.618 (BCE:0.609 REG:0.0009 LB:0.0000 CL:0.0824) | VAL_AUC:0.8640 PRC:0.8485 F1:0.7930
Ep 24 [lr=2.00e-04] | L:0.618 (BCE:0.609 REG:0.0009 LB:0.0000 CL:0.0819) | VAL_AUC:0.8643 PRC:0.8512 F1:0.7874
Ep 25 [lr=2.00e-04] | L:0.616 (BCE:0.607 REG:0.0009 LB:0.0000 CL:0.0811) | VAL_AUC:0.8680 PRC:0.8546 F1:0.7868
Ep 26 [lr=2.00e-04] | L:0.615 (BCE:0.606 REG:0.0009 LB:0.0000 CL:0.0804) | VAL_AUC:0.8683 PRC:0.8538 F1:0.7934
Ep 27 [lr=2.00e-04] | L:0.615 (BCE:0.606 REG:0.0009 LB:0.0000 CL:0.0800) | VAL_AUC:0.8694 PRC:0.8560 F1:0.7969
Ep 28 [lr=2.00e-04] | L:0.614 (BCE:0.605 REG:0.0009 LB:0.0000 CL:0.0793) | VAL_AUC:0.8693 PRC:0.8549 F1:0.7985
Ep 29 [lr=2.00e-04] | L:0.613 (BCE:0.604 REG:0.0009 LB:0.0000 CL:0.0790) | VAL_AUC:0.8698 PRC:0.8559 F1:0.7952
Ep 30 [lr=2.00e-04] | L:0.612 (BCE:0.603 REG:0.0009 LB:0.0000 CL:0.0784) | VAL_AUC:0.8693 PRC:0.8540 F1:0.7972
Ep 31 [lr=2.00e-04] | L:0.611 (BCE:0.602 REG:0.0009 LB:0.0000 CL:0.0778) | VAL_AUC:0.8695 PRC:0.8549 F1:0.7992
Ep 32 [lr=2.00e-04] | L:0.610 (BCE:0.602 REG:0.0009 LB:0.0000 CL:0.0777) | VAL_AUC:0.8699 PRC:0.8543 F1:0.7913
Ep 33 [lr=2.00e-04] | L:0.609 (BCE:0.601 REG:0.0008 LB:0.0000 CL:0.0771) | VAL_AUC:0.8732 PRC:0.8586 F1:0.7979
Ep 34 [lr=2.00e-04] | L:0.609 (BCE:0.600 REG:0.0009 LB:0.0000 CL:0.0767) | VAL_AUC:0.8694 PRC:0.8555 F1:0.7950
Ep 35 [lr=2.00e-04] | L:0.608 (BCE:0.600 REG:0.0009 LB:0.0000 CL:0.0764) | VAL_AUC:0.8735 PRC:0.8587 F1:0.8079
Ep 36 [lr=2.00e-04] | L:0.607 (BCE:0.598 REG:0.0008 LB:0.0000 CL:0.0758) | VAL_AUC:0.8742 PRC:0.8599 F1:0.8028
Ep 37 [lr=2.00e-04] | L:0.606 (BCE:0.598 REG:0.0008 LB:0.0000 CL:0.0754) | VAL_AUC:0.8728 PRC:0.8579 F1:0.8042
Ep 38 [lr=2.00e-04] | L:0.605 (BCE:0.597 REG:0.0009 LB:0.0000 CL:0.0750) | VAL_AUC:0.8721 PRC:0.8572 F1:0.8013
Ep 39 [lr=2.00e-04] | L:0.605 (BCE:0.597 REG:0.0009 LB:0.0000 CL:0.0747) | VAL_AUC:0.8733 PRC:0.8584 F1:0.7986
Ep 40 [lr=1.00e-04] | L:0.604 (BCE:0.596 REG:0.0009 LB:0.0000 CL:0.0744) | VAL_AUC:0.8700 PRC:0.8561 F1:0.7956
Ep 41 [lr=1.00e-04] | L:0.601 (BCE:0.593 REG:0.0008 LB:0.0000 CL:0.0728) | VAL_AUC:0.8736 PRC:0.8586 F1:0.7990
Ep 42 [lr=1.00e-04] | L:0.601 (BCE:0.593 REG:0.0008 LB:0.0000 CL:0.0725) | VAL_AUC:0.8742 PRC:0.8610 F1:0.7985
Ep 43 [lr=1.00e-04] | L:0.600 (BCE:0.592 REG:0.0008 LB:0.0000 CL:0.0723) | VAL_AUC:0.8744 PRC:0.8593 F1:0.8018
Ep 44 [lr=1.00e-04] | L:0.600 (BCE:0.592 REG:0.0008 LB:0.0000 CL:0.0719) | VAL_AUC:0.8745 PRC:0.8596 F1:0.8060
Ep 45 [lr=1.00e-04] | L:0.599 (BCE:0.591 REG:0.0008 LB:0.0000 CL:0.0719) | VAL_AUC:0.8763 PRC:0.8613 F1:0.8060
Ep 46 [lr=1.00e-04] | L:0.599 (BCE:0.591 REG:0.0008 LB:0.0000 CL:0.0715) | VAL_AUC:0.8755 PRC:0.8612 F1:0.8020
Ep 47 [lr=1.00e-04] | L:0.599 (BCE:0.591 REG:0.0008 LB:0.0000 CL:0.0716) | VAL_AUC:0.8753 PRC:0.8598 F1:0.8063
Ep 48 [lr=1.00e-04] | L:0.598 (BCE:0.590 REG:0.0008 LB:0.0000 CL:0.0712) | VAL_AUC:0.8777 PRC:0.8632 F1:0.8089
Ep 49 [lr=1.00e-04] | L:0.598 (BCE:0.590 REG:0.0008 LB:0.0000 CL:0.0711) | VAL_AUC:0.8775 PRC:0.8629 F1:0.8051
Ep 50 [lr=1.00e-04] | L:0.597 (BCE:0.589 REG:0.0008 LB:0.0000 CL:0.0710) | VAL_AUC:0.8760 PRC:0.8621 F1:0.8038
Ep 51 [lr=1.00e-04] | L:0.597 (BCE:0.590 REG:0.0008 LB:0.0000 CL:0.0710) | VAL_AUC:0.8760 PRC:0.8615 F1:0.8060
Ep 52 [lr=5.00e-05] | L:0.597 (BCE:0.589 REG:0.0008 LB:0.0000 CL:0.0707) | VAL_AUC:0.8761 PRC:0.8617 F1:0.8060
Ep 53 [lr=5.00e-05] | L:0.595 (BCE:0.587 REG:0.0008 LB:0.0000 CL:0.0697) | VAL_AUC:0.8776 PRC:0.8629 F1:0.8071
Ep 54 [lr=5.00e-05] | L:0.594 (BCE:0.587 REG:0.0008 LB:0.0000 CL:0.0696) | VAL_AUC:0.8769 PRC:0.8616 F1:0.8055
Ep 55 [lr=5.00e-05] | L:0.594 (BCE:0.587 REG:0.0008 LB:0.0000 CL:0.0695) | VAL_AUC:0.8777 PRC:0.8627 F1:0.8079
Ep 56 [lr=2.50e-05] | L:0.594 (BCE:0.586 REG:0.0008 LB:0.0000 CL:0.0693) | VAL_AUC:0.8768 PRC:0.8613 F1:0.8071
Ep 57 [lr=2.50e-05] | L:0.593 (BCE:0.586 REG:0.0008 LB:0.0000 CL:0.0688) | VAL_AUC:0.8777 PRC:0.8622 F1:0.8085
Ep 58 [lr=2.50e-05] | L:0.593 (BCE:0.585 REG:0.0008 LB:0.0000 CL:0.0689) | VAL_AUC:0.8769 PRC:0.8609 F1:0.8096
Ep 59 [lr=2.50e-05] | L:0.593 (BCE:0.585 REG:0.0008 LB:0.0000 CL:0.0689) | VAL_AUC:0.8779 PRC:0.8624 F1:0.8064
Ep 60 [lr=2.50e-05] | L:0.593 (BCE:0.585 REG:0.0008 LB:0.0000 CL:0.0685) | VAL_AUC:0.8775 PRC:0.8620 F1:0.8111
Ep 61 [lr=2.50e-05] | L:0.593 (BCE:0.585 REG:0.0008 LB:0.0000 CL:0.0687) | VAL_AUC:0.8773 PRC:0.8611 F1:0.8089
Ep 62 [lr=2.50e-05] | L:0.593 (BCE:0.585 REG:0.0008 LB:0.0000 CL:0.0688) | VAL_AUC:0.8776 PRC:0.8621 F1:0.8076
Ep 63 [lr=1.25e-05] | L:0.592 (BCE:0.585 REG:0.0008 LB:0.0000 CL:0.0685) | VAL_AUC:0.8773 PRC:0.8616 F1:0.8087
Ep 64 [lr=1.25e-05] | L:0.592 (BCE:0.584 REG:0.0008 LB:0.0000 CL:0.0683) | VAL_AUC:0.8770 PRC:0.8613 F1:0.8066
Ep 65 [lr=1.25e-05] | L:0.592 (BCE:0.584 REG:0.0008 LB:0.0000 CL:0.0682) | VAL_AUC:0.8778 PRC:0.8621 F1:0.8082
Ep 66 [lr=1.25e-05] | L:0.591 (BCE:0.584 REG:0.0008 LB:0.0000 CL:0.0682) | VAL_AUC:0.8773 PRC:0.8613 F1:0.8101
Ep 67 [lr=6.25e-06] | L:0.592 (BCE:0.584 REG:0.0008 LB:0.0000 CL:0.0684) | VAL_AUC:0.8778 PRC:0.8620 F1:0.8081
