[TRAIN] ⚡ K-mer 缓存: kmer_cache_fold0_train.pt
[VAL] ⚡ K-mer 缓存: kmer_cache_fold0_val.pt
  [CL] SpectrumDirectionCL 已启用，lam_cl=0.1

========================================================================
  OperatorMoE | ablation=no_moe
  operator_rank=8 | num_experts=4
  gene_max_len=1000 | warmup=5ep
  params=918,218 | device=cuda:0 | fold=0
========================================================================

/home/data/jiangyun/cgi_data_pipeline5/New/train_operator_moe.py:113: UserWarning: index_reduce() is in beta and the API may change at any time. (Triggered internally at ../aten/src/ATen/native/cuda/Indexing.cu:1190.)
  ).index_reduce_(0, batch_idx, scores, 'amax', include_self=True)
Ep 01 [lr=2.00e-05] | L:0.790 (BCE:0.689 REG:0.0881 LB:0.0000 CL:0.1300) | VAL_AUC:0.6712 PRC:0.6575 F1:0.5969
Ep 02 [lr=6.50e-05] | L:0.709 (BCE:0.640 REG:0.0561 LB:0.0000 CL:0.1236) | VAL_AUC:0.7491 PRC:0.7378 F1:0.6812
Ep 03 [lr=1.10e-04] | L:0.621 (BCE:0.603 REG:0.0067 LB:0.0000 CL:0.1140) | VAL_AUC:0.7619 PRC:0.7525 F1:0.6306
Ep 04 [lr=1.55e-04] | L:0.595 (BCE:0.580 REG:0.0030 LB:0.0000 CL:0.1118) | VAL_AUC:0.8033 PRC:0.7897 F1:0.7158
Ep 05 [lr=2.00e-04] | L:0.550 (BCE:0.537 REG:0.0027 LB:0.0000 CL:0.1048) | VAL_AUC:0.8304 PRC:0.8172 F1:0.7345
Ep 06 [lr=2.00e-04] | L:0.525 (BCE:0.512 REG:0.0026 LB:0.0000 CL:0.1023) | VAL_AUC:0.8444 PRC:0.8332 F1:0.7651
Ep 07 [lr=2.00e-04] | L:0.507 (BCE:0.495 REG:0.0025 LB:0.0000 CL:0.0998) | VAL_AUC:0.8495 PRC:0.8395 F1:0.7697
Ep 08 [lr=2.00e-04] | L:0.496 (BCE:0.484 REG:0.0024 LB:0.0000 CL:0.0963) | VAL_AUC:0.8580 PRC:0.8493 F1:0.7771
Ep 09 [lr=2.00e-04] | L:0.489 (BCE:0.478 REG:0.0022 LB:0.0000 CL:0.0932) | VAL_AUC:0.8549 PRC:0.8457 F1:0.7749
Ep 10 [lr=2.00e-04] | L:0.485 (BCE:0.474 REG:0.0021 LB:0.0000 CL:0.0915) | VAL_AUC:0.8597 PRC:0.8514 F1:0.7780
Ep 11 [lr=2.00e-04] | L:0.480 (BCE:0.469 REG:0.0020 LB:0.0000 CL:0.0902) | VAL_AUC:0.8636 PRC:0.8567 F1:0.7788
Ep 12 [lr=2.00e-04] | L:0.476 (BCE:0.465 REG:0.0020 LB:0.0000 CL:0.0894) | VAL_AUC:0.8657 PRC:0.8581 F1:0.7808
Ep 13 [lr=2.00e-04] | L:0.471 (BCE:0.461 REG:0.0019 LB:0.0000 CL:0.0880) | VAL_AUC:0.8673 PRC:0.8601 F1:0.7871
Ep 14 [lr=2.00e-04] | L:0.467 (BCE:0.456 REG:0.0019 LB:0.0000 CL:0.0872) | VAL_AUC:0.8682 PRC:0.8611 F1:0.7892
Ep 15 [lr=2.00e-04] | L:0.462 (BCE:0.452 REG:0.0019 LB:0.0000 CL:0.0860) | VAL_AUC:0.8718 PRC:0.8648 F1:0.7951
Ep 16 [lr=2.00e-04] | L:0.458 (BCE:0.447 REG:0.0019 LB:0.0000 CL:0.0854) | VAL_AUC:0.8728 PRC:0.8653 F1:0.7955
Ep 17 [lr=2.00e-04] | L:0.455 (BCE:0.445 REG:0.0019 LB:0.0000 CL:0.0843) | VAL_AUC:0.8750 PRC:0.8677 F1:0.7959
Ep 18 [lr=2.00e-04] | L:0.450 (BCE:0.440 REG:0.0019 LB:0.0000 CL:0.0833) | VAL_AUC:0.8745 PRC:0.8667 F1:0.7922
Ep 19 [lr=2.00e-04] | L:0.446 (BCE:0.436 REG:0.0019 LB:0.0000 CL:0.0821) | VAL_AUC:0.8753 PRC:0.8683 F1:0.7931
Ep 20 [lr=2.00e-04] | L:0.442 (BCE:0.432 REG:0.0019 LB:0.0000 CL:0.0814) | VAL_AUC:0.8772 PRC:0.8705 F1:0.7921
Ep 21 [lr=2.00e-04] | L:0.438 (BCE:0.428 REG:0.0019 LB:0.0000 CL:0.0809) | VAL_AUC:0.8807 PRC:0.8745 F1:0.7922
Ep 22 [lr=2.00e-04] | L:0.435 (BCE:0.425 REG:0.0020 LB:0.0000 CL:0.0803) | VAL_AUC:0.8809 PRC:0.8745 F1:0.7992
Ep 23 [lr=2.00e-04] | L:0.430 (BCE:0.420 REG:0.0020 LB:0.0000 CL:0.0792) | VAL_AUC:0.8817 PRC:0.8758 F1:0.7943
Ep 24 [lr=2.00e-04] | L:0.427 (BCE:0.418 REG:0.0019 LB:0.0000 CL:0.0785) | VAL_AUC:0.8823 PRC:0.8764 F1:0.7926
Ep 25 [lr=2.00e-04] | L:0.424 (BCE:0.414 REG:0.0019 LB:0.0000 CL:0.0779) | VAL_AUC:0.8829 PRC:0.8763 F1:0.8012
Ep 26 [lr=2.00e-04] | L:0.420 (BCE:0.411 REG:0.0020 LB:0.0000 CL:0.0770) | VAL_AUC:0.8839 PRC:0.8776 F1:0.7986
Ep 27 [lr=2.00e-04] | L:0.419 (BCE:0.409 REG:0.0020 LB:0.0000 CL:0.0766) | VAL_AUC:0.8844 PRC:0.8787 F1:0.8022
Ep 28 [lr=2.00e-04] | L:0.415 (BCE:0.405 REG:0.0019 LB:0.0000 CL:0.0758) | VAL_AUC:0.8842 PRC:0.8776 F1:0.8021
Ep 29 [lr=2.00e-04] | L:0.413 (BCE:0.404 REG:0.0020 LB:0.0000 CL:0.0758) | VAL_AUC:0.8864 PRC:0.8803 F1:0.8046
Ep 30 [lr=2.00e-04] | L:0.411 (BCE:0.401 REG:0.0019 LB:0.0000 CL:0.0751) | VAL_AUC:0.8868 PRC:0.8788 F1:0.7998
Ep 31 [lr=2.00e-04] | L:0.406 (BCE:0.397 REG:0.0020 LB:0.0000 CL:0.0743) | VAL_AUC:0.8859 PRC:0.8795 F1:0.8028
Ep 32 [lr=2.00e-04] | L:0.406 (BCE:0.397 REG:0.0019 LB:0.0000 CL:0.0742) | VAL_AUC:0.8865 PRC:0.8796 F1:0.7979
Ep 33 [lr=2.00e-04] | L:0.403 (BCE:0.393 REG:0.0020 LB:0.0000 CL:0.0736) | VAL_AUC:0.8880 PRC:0.8810 F1:0.8042
Ep 34 [lr=2.00e-04] | L:0.400 (BCE:0.391 REG:0.0019 LB:0.0000 CL:0.0731) | VAL_AUC:0.8881 PRC:0.8820 F1:0.8047
Ep 35 [lr=2.00e-04] | L:0.399 (BCE:0.390 REG:0.0019 LB:0.0000 CL:0.0730) | VAL_AUC:0.8908 PRC:0.8844 F1:0.8109
Ep 36 [lr=2.00e-04] | L:0.396 (BCE:0.387 REG:0.0020 LB:0.0000 CL:0.0724) | VAL_AUC:0.8892 PRC:0.8829 F1:0.8057
Ep 37 [lr=2.00e-04] | L:0.393 (BCE:0.384 REG:0.0019 LB:0.0000 CL:0.0719) | VAL_AUC:0.8900 PRC:0.8841 F1:0.8084
Ep 38 [lr=2.00e-04] | L:0.390 (BCE:0.381 REG:0.0019 LB:0.0000 CL:0.0714) | VAL_AUC:0.8889 PRC:0.8825 F1:0.8079
Ep 39 [lr=2.00e-04] | L:0.388 (BCE:0.379 REG:0.0020 LB:0.0000 CL:0.0713) | VAL_AUC:0.8911 PRC:0.8844 F1:0.8084
Ep 40 [lr=2.00e-04] | L:0.386 (BCE:0.377 REG:0.0020 LB:0.0000 CL:0.0709) | VAL_AUC:0.8905 PRC:0.8844 F1:0.8080
Ep 41 [lr=2.00e-04] | L:0.384 (BCE:0.375 REG:0.0019 LB:0.0000 CL:0.0703) | VAL_AUC:0.8919 PRC:0.8853 F1:0.8077
Ep 42 [lr=2.00e-04] | L:0.381 (BCE:0.372 REG:0.0019 LB:0.0000 CL:0.0699) | VAL_AUC:0.8909 PRC:0.8853 F1:0.7971
Ep 43 [lr=2.00e-04] | L:0.379 (BCE:0.370 REG:0.0019 LB:0.0000 CL:0.0694) | VAL_AUC:0.8917 PRC:0.8854 F1:0.8112
Ep 44 [lr=2.00e-04] | L:0.376 (BCE:0.368 REG:0.0019 LB:0.0000 CL:0.0692) | VAL_AUC:0.8909 PRC:0.8840 F1:0.8060
Ep 45 [lr=2.00e-04] | L:0.375 (BCE:0.366 REG:0.0019 LB:0.0000 CL:0.0690) | VAL_AUC:0.8931 PRC:0.8868 F1:0.8117
Ep 46 [lr=2.00e-04] | L:0.373 (BCE:0.365 REG:0.0019 LB:0.0000 CL:0.0687) | VAL_AUC:0.8912 PRC:0.8850 F1:0.8116
Ep 47 [lr=2.00e-04] | L:0.370 (BCE:0.361 REG:0.0020 LB:0.0000 CL:0.0680) | VAL_AUC:0.8928 PRC:0.8859 F1:0.8119
Ep 48 [lr=2.00e-04] | L:0.369 (BCE:0.360 REG:0.0020 LB:0.0000 CL:0.0679) | VAL_AUC:0.8933 PRC:0.8868 F1:0.8090
Ep 49 [lr=2.00e-04] | L:0.367 (BCE:0.359 REG:0.0020 LB:0.0000 CL:0.0675) | VAL_AUC:0.8893 PRC:0.8816 F1:0.8109
Ep 50 [lr=2.00e-04] | L:0.364 (BCE:0.356 REG:0.0019 LB:0.0000 CL:0.0671) | VAL_AUC:0.8922 PRC:0.8858 F1:0.8103
Ep 51 [lr=2.00e-04] | L:0.363 (BCE:0.354 REG:0.0019 LB:0.0000 CL:0.0668) | VAL_AUC:0.8904 PRC:0.8837 F1:0.8039
Ep 52 [lr=1.00e-04] | L:0.360 (BCE:0.352 REG:0.0020 LB:0.0000 CL:0.0665) | VAL_AUC:0.8928 PRC:0.8866 F1:0.8127
Ep 53 [lr=1.00e-04] | L:0.349 (BCE:0.340 REG:0.0019 LB:0.0000 CL:0.0646) | VAL_AUC:0.8945 PRC:0.8873 F1:0.8139
Ep 54 [lr=1.00e-04] | L:0.348 (BCE:0.339 REG:0.0019 LB:0.0000 CL:0.0642) | VAL_AUC:0.8943 PRC:0.8871 F1:0.8157
Ep 55 [lr=1.00e-04] | L:0.346 (BCE:0.338 REG:0.0019 LB:0.0000 CL:0.0641) | VAL_AUC:0.8936 PRC:0.8870 F1:0.8123
Ep 56 [lr=1.00e-04] | L:0.345 (BCE:0.336 REG:0.0019 LB:0.0000 CL:0.0639) | VAL_AUC:0.8944 PRC:0.8872 F1:0.8154
Ep 57 [lr=5.00e-05] | L:0.342 (BCE:0.334 REG:0.0019 LB:0.0000 CL:0.0636) | VAL_AUC:0.8930 PRC:0.8849 F1:0.8139
Ep 58 [lr=5.00e-05] | L:0.337 (BCE:0.329 REG:0.0019 LB:0.0000 CL:0.0628) | VAL_AUC:0.8954 PRC:0.8883 F1:0.8170
Ep 59 [lr=5.00e-05] | L:0.335 (BCE:0.327 REG:0.0019 LB:0.0000 CL:0.0623) | VAL_AUC:0.8942 PRC:0.8871 F1:0.8112
Ep 60 [lr=5.00e-05] | L:0.333 (BCE:0.325 REG:0.0019 LB:0.0000 CL:0.0622) | VAL_AUC:0.8948 PRC:0.8879 F1:0.8174
Ep 61 [lr=5.00e-05] | L:0.334 (BCE:0.326 REG:0.0019 LB:0.0000 CL:0.0622) | VAL_AUC:0.8946 PRC:0.8874 F1:0.8142
Ep 62 [lr=2.50e-05] | L:0.332 (BCE:0.324 REG:0.0019 LB:0.0000 CL:0.0620) | VAL_AUC:0.8940 PRC:0.8876 F1:0.8145
Ep 63 [lr=2.50e-05] | L:0.329 (BCE:0.321 REG:0.0019 LB:0.0000 CL:0.0615) | VAL_AUC:0.8951 PRC:0.8881 F1:0.8161
Ep 64 [lr=2.50e-05] | L:0.328 (BCE:0.320 REG:0.0019 LB:0.0000 CL:0.0613) | VAL_AUC:0.8943 PRC:0.8872 F1:0.8134
Ep 65 [lr=2.50e-05] | L:0.327 (BCE:0.319 REG:0.0019 LB:0.0000 CL:0.0613) | VAL_AUC:0.8947 PRC:0.8875 F1:0.8155
Ep 66 [lr=1.25e-05] | L:0.328 (BCE:0.320 REG:0.0019 LB:0.0000 CL:0.0613) | VAL_AUC:0.8947 PRC:0.8876 F1:0.8151
Ep 67 [lr=1.25e-05] | L:0.327 (BCE:0.319 REG:0.0019 LB:0.0000 CL:0.0612) | VAL_AUC:0.8946 PRC:0.8874 F1:0.8152
Ep 68 [lr=1.25e-05] | L:0.325 (BCE:0.317 REG:0.0019 LB:0.0000 CL:0.0610) | VAL_AUC:0.8944 PRC:0.8872 F1:0.8144
Early stop at epoch 68

最优 AUC: 0.8954  模型: results_operator_moe/MCF7/no_moe_r8_k4_Fold0_cl01.pt
